{"/Users/macbook_187/Project/front-end-testing/excercises/src/utils/5.authService.ts": {"path":"/Users/macbook_187/Project/front-end-testing/excercises/src/utils/5.authService.ts","all":false,"statementMap":{"3":{"start":{"line":4,"column":0},"end":{"line":4,"column":26}},"4":{"start":{"line":5,"column":0},"end":{"line":5,"column":45}},"6":{"start":{"line":7,"column":0},"end":{"line":7,"column":68}},"7":{"start":{"line":8,"column":0},"end":{"line":8,"column":9}},"8":{"start":{"line":9,"column":0},"end":{"line":9,"column":55}},"9":{"start":{"line":10,"column":0},"end":{"line":10,"column":47}},"10":{"start":{"line":11,"column":0},"end":{"line":11,"column":18}},"11":{"start":{"line":12,"column":0},"end":{"line":12,"column":26}},"12":{"start":{"line":13,"column":0},"end":{"line":13,"column":51}},"13":{"start":{"line":14,"column":0},"end":{"line":14,"column":37}},"14":{"start":{"line":15,"column":0},"end":{"line":15,"column":5}},"15":{"start":{"line":16,"column":0},"end":{"line":16,"column":3}},"17":{"start":{"line":18,"column":0},"end":{"line":18,"column":90}},"18":{"start":{"line":19,"column":0},"end":{"line":19,"column":60}},"19":{"start":{"line":20,"column":0},"end":{"line":20,"column":21}},"20":{"start":{"line":21,"column":0},"end":{"line":21,"column":54}},"21":{"start":{"line":22,"column":0},"end":{"line":22,"column":40}},"22":{"start":{"line":23,"column":0},"end":{"line":23,"column":7}},"24":{"start":{"line":25,"column":0},"end":{"line":25,"column":23}},"25":{"start":{"line":26,"column":0},"end":{"line":26,"column":51}},"26":{"start":{"line":27,"column":0},"end":{"line":27,"column":5}},"28":{"start":{"line":29,"column":0},"end":{"line":29,"column":39}},"29":{"start":{"line":30,"column":0},"end":{"line":30,"column":22}},"30":{"start":{"line":31,"column":0},"end":{"line":31,"column":51}},"31":{"start":{"line":32,"column":0},"end":{"line":32,"column":5}},"33":{"start":{"line":34,"column":0},"end":{"line":34,"column":22}},"34":{"start":{"line":35,"column":0},"end":{"line":35,"column":3}},"36":{"start":{"line":37,"column":0},"end":{"line":37,"column":48}},"37":{"start":{"line":38,"column":0},"end":{"line":38,"column":59}},"38":{"start":{"line":39,"column":0},"end":{"line":39,"column":20}},"39":{"start":{"line":40,"column":0},"end":{"line":40,"column":52}},"40":{"start":{"line":41,"column":0},"end":{"line":41,"column":7}},"42":{"start":{"line":43,"column":0},"end":{"line":43,"column":23}},"43":{"start":{"line":44,"column":0},"end":{"line":44,"column":41}},"44":{"start":{"line":45,"column":0},"end":{"line":45,"column":5}},"46":{"start":{"line":47,"column":0},"end":{"line":47,"column":43}},"47":{"start":{"line":48,"column":0},"end":{"line":48,"column":20}},"48":{"start":{"line":49,"column":0},"end":{"line":49,"column":41}},"49":{"start":{"line":50,"column":0},"end":{"line":50,"column":5}},"51":{"start":{"line":52,"column":0},"end":{"line":52,"column":20}},"52":{"start":{"line":53,"column":0},"end":{"line":53,"column":3}},"53":{"start":{"line":54,"column":0},"end":{"line":54,"column":1}}},"s":{"3":1,"4":5,"6":5,"7":5,"8":5,"9":3,"10":1,"11":5,"12":4,"13":4,"14":4,"15":5,"17":5,"18":5,"19":5,"20":5,"21":5,"22":5,"24":5,"25":1,"26":1,"28":4,"29":5,"30":1,"31":1,"33":3,"34":5,"36":5,"37":3,"38":3,"39":3,"40":3,"42":3,"43":1,"44":1,"46":2,"47":3,"48":1,"49":1,"51":1,"52":3,"53":5},"branchMap":{"0":{"type":"branch","line":4,"loc":{"start":{"line":4,"column":7},"end":{"line":54,"column":1}},"locations":[{"start":{"line":4,"column":7},"end":{"line":54,"column":1}}]},"1":{"type":"branch","line":7,"loc":{"start":{"line":7,"column":2},"end":{"line":16,"column":3}},"locations":[{"start":{"line":7,"column":2},"end":{"line":16,"column":3}}]},"2":{"type":"branch","line":9,"loc":{"start":{"line":9,"column":53},"end":{"line":10,"column":47}},"locations":[{"start":{"line":9,"column":53},"end":{"line":10,"column":47}}]},"3":{"type":"branch","line":10,"loc":{"start":{"line":10,"column":45},"end":{"line":12,"column":13}},"locations":[{"start":{"line":10,"column":45},"end":{"line":12,"column":13}}]},"4":{"type":"branch","line":12,"loc":{"start":{"line":12,"column":4},"end":{"line":15,"column":5}},"locations":[{"start":{"line":12,"column":4},"end":{"line":15,"column":5}}]},"5":{"type":"branch","line":18,"loc":{"start":{"line":18,"column":2},"end":{"line":35,"column":3}},"locations":[{"start":{"line":18,"column":2},"end":{"line":35,"column":3}}]},"6":{"type":"branch","line":25,"loc":{"start":{"line":25,"column":22},"end":{"line":27,"column":5}},"locations":[{"start":{"line":25,"column":22},"end":{"line":27,"column":5}}]},"7":{"type":"branch","line":27,"loc":{"start":{"line":27,"column":4},"end":{"line":30,"column":21}},"locations":[{"start":{"line":27,"column":4},"end":{"line":30,"column":21}}]},"8":{"type":"branch","line":30,"loc":{"start":{"line":30,"column":21},"end":{"line":32,"column":5}},"locations":[{"start":{"line":30,"column":21},"end":{"line":32,"column":5}}]},"9":{"type":"branch","line":32,"loc":{"start":{"line":32,"column":4},"end":{"line":34,"column":22}},"locations":[{"start":{"line":32,"column":4},"end":{"line":34,"column":22}}]},"10":{"type":"branch","line":37,"loc":{"start":{"line":37,"column":2},"end":{"line":53,"column":3}},"locations":[{"start":{"line":37,"column":2},"end":{"line":53,"column":3}}]},"11":{"type":"branch","line":43,"loc":{"start":{"line":43,"column":22},"end":{"line":45,"column":5}},"locations":[{"start":{"line":43,"column":22},"end":{"line":45,"column":5}}]},"12":{"type":"branch","line":45,"loc":{"start":{"line":45,"column":4},"end":{"line":48,"column":19}},"locations":[{"start":{"line":45,"column":4},"end":{"line":48,"column":19}}]},"13":{"type":"branch","line":48,"loc":{"start":{"line":48,"column":19},"end":{"line":52,"column":20}},"locations":[{"start":{"line":48,"column":19},"end":{"line":52,"column":20}}]}},"b":{"0":[5],"1":[5],"2":[3],"3":[1],"4":[4],"5":[5],"6":[1],"7":[4],"8":[1],"9":[3],"10":[3],"11":[1],"12":[2],"13":[1]},"fnMap":{"0":{"name":"<instance_members_initializer>","decl":{"start":{"line":4,"column":7},"end":{"line":54,"column":1}},"loc":{"start":{"line":4,"column":7},"end":{"line":54,"column":1}},"line":4},"1":{"name":"login","decl":{"start":{"line":7,"column":2},"end":{"line":16,"column":3}},"loc":{"start":{"line":7,"column":2},"end":{"line":16,"column":3}},"line":7},"2":{"name":"fetchToken","decl":{"start":{"line":18,"column":2},"end":{"line":35,"column":3}},"loc":{"start":{"line":18,"column":2},"end":{"line":35,"column":3}},"line":18},"3":{"name":"fetchUser","decl":{"start":{"line":37,"column":2},"end":{"line":53,"column":3}},"loc":{"start":{"line":37,"column":2},"end":{"line":53,"column":3}},"line":37}},"f":{"0":5,"1":5,"2":5,"3":3}}
}
